# JRE version: OpenJDK Runtime Environment Temurin-17.0.13+11 (17.0.13+11) (build 17.0.13+11)
# Java VM: OpenJDK 64-Bit Server VM Temurin-17.0.13+11 (17.0.13+11, mixed mode, emulated-client, tiered, compressed oops, compressed class ptrs, g1 gc, windows-amd64)
GC Precious Log:
 CPUs: 12 total, 12 available
 Memory: 16016M
 Large Page Support: Disabled
 NUMA Support: Disabled
 Compressed Oops: Enabled (32-bit)
 Heap Region Size: 1M
 Heap Min Capacity: 8M
 Heap Initial Capacity: 252M
 Heap Max Capacity: 1G
 Pre-touch: Disabled
 Parallel Workers: 10
 Concurrent Workers: 3
 Concurrent Refinement Workers: 10
 Periodic GC: Disabled
Heap:
 garbage-first heap   total 78848K, used 33128K [0x00000000c0000000, 0x0000000100000000)
  region size 1024K, 1 young (1024K), 0 survivors (0K)
 Metaspace       used 62749K, committed 63168K, reserved 1114112K
  class space    used 7691K, committed 7872K, reserved 1048576K
GC Heap History (20 events):
Event: 26474.932 GC heap after
{Heap after GC invocations=2121 (full 2102):
 garbage-first heap   total 78848K, used 33128K [0x00000000c0000000, 0x0000000100000000)
  region size 1024K, 0 young (0K), 0 survivors (0K)
 Metaspace       used 62749K, committed 63168K, reserved 1114112K
  class space    used 7691K, committed 7872K, reserved 1048576K
}
Event: 26485.173 GC heap before
{Heap before GC invocations=2121 (full 2102):
 garbage-first heap   total 78848K, used 33128K [0x00000000c0000000, 0x0000000100000000)
  region size 1024K, 1 young (1024K), 0 survivors (0K)
 Metaspace       used 62749K, committed 63168K, reserved 1114112K
  class space    used 7691K, committed 7872K, reserved 1048576K
}
Event: 26485.195 GC heap after
{Heap after GC invocations=2122 (full 2103):
 garbage-first heap   total 78848K, used 33128K [0x00000000c0000000, 0x0000000100000000)
  region size 1024K, 0 young (0K), 0 survivors (0K)
 Metaspace       used 62749K, committed 63168K, reserved 1114112K
  class space    used 7691K, committed 7872K, reserved 1048576K
}
Event: 26495.409 GC heap before
{Heap before GC invocations=2122 (full 2103):
 garbage-first heap   total 78848K, used 33128K [0x00000000c0000000, 0x0000000100000000)
  region size 1024K, 1 young (1024K), 0 survivors (0K)
 Metaspace       used 62749K, committed 63168K, reserved 1114112K
  class space    used 7691K, committed 7872K, reserved 1048576K
}
Event: 26495.434 GC heap after
{Heap after GC invocations=2123 (full 2104):
 garbage-first heap   total 78848K, used 33128K [0x00000000c0000000, 0x0000000100000000)
  region size 1024K, 0 young (0K), 0 survivors (0K)
 Metaspace       used 62749K, committed 63168K, reserved 1114112K
  class space    used 7691K, committed 7872K, reserved 1048576K
}
Event: 26505.642 GC heap before
{Heap before GC invocations=2123 (full 2104):
 garbage-first heap   total 78848K, used 33128K [0x00000000c0000000, 0x0000000100000000)
  region size 1024K, 1 young (1024K), 0 survivors (0K)
 Metaspace       used 62749K, committed 63168K, reserved 1114112K
  class space    used 7691K, committed 7872K, reserved 1048576K
}
Event: 26505.665 GC heap after
{Heap after GC invocations=2124 (full 2105):
 garbage-first heap   total 78848K, used 33128K [0x00000000c0000000, 0x0000000100000000)
  region size 1024K, 0 young (0K), 0 survivors (0K)
 Metaspace       used 62749K, committed 63168K, reserved 1114112K
  class space    used 7691K, committed 7872K, reserved 1048576K
}
Event: 26515.842 GC heap before
{Heap before GC invocations=2124 (full 2105):
 garbage-first heap   total 78848K, used 33128K [0x00000000c0000000, 0x0000000100000000)
  region size 1024K, 1 young (1024K), 0 survivors (0K)
 Metaspace       used 62749K, committed 63168K, reserved 1114112K
  class space    used 7691K, committed 7872K, reserved 1048576K
}
Event: 26515.865 GC heap after
{Heap after GC invocations=2125 (full 2106):
 garbage-first heap   total 78848K, used 33128K [0x00000000c0000000, 0x0000000100000000)
  region size 1024K, 0 young (0K), 0 survivors (0K)
 Metaspace       used 62749K, committed 63168K, reserved 1114112K
  class space    used 7691K, committed 7872K, reserved 1048576K
}
Event: 26526.035 GC heap before
{Heap before GC invocations=2125 (full 2106):
 garbage-first heap   total 78848K, used 33128K [0x00000000c0000000, 0x0000000100000000)
  region size 1024K, 1 young (1024K), 0 survivors (0K)
 Metaspace       used 62749K, committed 63168K, reserved 1114112K
  class space    used 7691K, committed 7872K, reserved 1048576K
}
Event: 26526.056 GC heap after
{Heap after GC invocations=2126 (full 2107):
 garbage-first heap   total 78848K, used 33128K [0x00000000c0000000, 0x0000000100000000)
  region size 1024K, 0 young (0K), 0 survivors (0K)
 Metaspace       used 62749K, committed 63168K, reserved 1114112K
  class space    used 7691K, committed 7872K, reserved 1048576K
}
Event: 26536.248 GC heap before
{Heap before GC invocations=2126 (full 2107):
 garbage-first heap   total 78848K, used 33128K [0x00000000c0000000, 0x0000000100000000)
  region size 1024K, 1 young (1024K), 0 survivors (0K)
 Metaspace       used 62749K, committed 63168K, reserved 1114112K
  class space    used 7691K, committed 7872K, reserved 1048576K
}
Event: 26536.270 GC heap after
{Heap after GC invocations=2127 (full 2108):
 garbage-first heap   total 78848K, used 33128K [0x00000000c0000000, 0x0000000100000000)
  region size 1024K, 0 young (0K), 0 survivors (0K)
 Metaspace       used 62749K, committed 63168K, reserved 1114112K
  class space    used 7691K, committed 7872K, reserved 1048576K
}
Event: 26546.486 GC heap before
{Heap before GC invocations=2127 (full 2108):
 garbage-first heap   total 78848K, used 33128K [0x00000000c0000000, 0x0000000100000000)
  region size 1024K, 1 young (1024K), 0 survivors (0K)
 Metaspace       used 62749K, committed 63168K, reserved 1114112K
  class space    used 7691K, committed 7872K, reserved 1048576K
}
Event: 26546.509 GC heap after
{Heap after GC invocations=2128 (full 2109):
 garbage-first heap   total 78848K, used 33128K [0x00000000c0000000, 0x0000000100000000)
  region size 1024K, 0 young (0K), 0 survivors (0K)
 Metaspace       used 62749K, committed 63168K, reserved 1114112K
  class space    used 7691K, committed 7872K, reserved 1048576K
}
Event: 26556.705 GC heap before
{Heap before GC invocations=2128 (full 2109):
 garbage-first heap   total 78848K, used 33128K [0x00000000c0000000, 0x0000000100000000)
  region size 1024K, 1 young (1024K), 0 survivors (0K)
 Metaspace       used 62749K, committed 63168K, reserved 1114112K
  class space    used 7691K, committed 7872K, reserved 1048576K
}
Event: 26556.732 GC heap after
{Heap after GC invocations=2129 (full 2110):
 garbage-first heap   total 78848K, used 33128K [0x00000000c0000000, 0x0000000100000000)
  region size 1024K, 0 young (0K), 0 survivors (0K)
 Metaspace       used 62749K, committed 63168K, reserved 1114112K
  class space    used 7691K, committed 7872K, reserved 1048576K
}
Event: 26566.971 GC heap before
{Heap before GC invocations=2129 (full 2110):
 garbage-first heap   total 78848K, used 33128K [0x00000000c0000000, 0x0000000100000000)
  region size 1024K, 1 young (1024K), 0 survivors (0K)
 Metaspace       used 62749K, committed 63168K, reserved 1114112K
  class space    used 7691K, committed 7872K, reserved 1048576K
}
Event: 26566.991 GC heap after
{Heap after GC invocations=2130 (full 2111):
 garbage-first heap   total 78848K, used 33128K [0x00000000c0000000, 0x0000000100000000)
  region size 1024K, 0 young (0K), 0 survivors (0K)
 Metaspace       used 62749K, committed 63168K, reserved 1114112K
  class space    used 7691K, committed 7872K, reserved 1048576K
}
Event: 57629.294 GC heap before
{Heap before GC invocations=2130 (full 2111):
 garbage-first heap   total 78848K, used 33128K [0x00000000c0000000, 0x0000000100000000)
  region size 1024K, 1 young (1024K), 0 survivors (0K)
 Metaspace       used 62749K, committed 63168K, reserved 1114112K
  class space    used 7691K, committed 7872K, reserved 1048576K
}

